SQL> SELECT ENAME
  2  FROM EMP
  3  WHERE EMPNO = (SELECT MGR
  4                 FROM EMP
  5                 WHERE ENAME = 'SMITH');

ENAME                                                                                               
----------                                                                                          
FORD                                                                                                

SQL> SELECT ENAME
  2  FROM EMP
  3  WHERE EMPNO = (SELECT MGR
  4                  FROM EMP
  5                  WHERE EMPNO = (SELECT MGR
  6                                 FROM EMP
  7                                 WHERE ENAME = 'ADAMS'));

ENAME                                                                                               
----------                                                                                          
JONES                                                                                               

SQL> SELECT DNAME
  2  FROM DEPT
  3  WHERE DEPTNO = (SELECT DEPTNO
  4                  FROM EMP
  5                  WHERE EMPNO = (SELECT MGR
  6                                 FROM EMP
  7                                 WHERE ENAME = 'JONES'));

DNAME                                                                                               
--------------                                                                                      
ACCOUNTING                                                                                          

SQL> SELECT SAL
  2  FROM EMP
  3  WHERE EMPNO = (SELECT MGR
  4                 FROM EMP
  5                 WHERE ENAME = 'MILLER');

       SAL                                                                                          
----------                                                                                          
      2450                                                                                          

SQL> SELECT LOC
  2  FROM DEPT
  3  WHERE DEPTNO = (SELECT DEPTNO
  4                  FROM EMP
  5                  WHERE EMPNO = (SELECT MGR
  6                                 FROM EMP
  7                                 WHERE EMPNO = (SELECT MGR
  8                                                FROM EMP
  9                                                WHERE ENAME = 'SMITH')));

LOC                                                                                                 
-------------                                                                                       
DALLAS                                                                                              

SQL> SELECT ENAME
  2  FROM EMP
  3  WHERE MGR = (SELECT EMPNO
  4               FROM EMP
  5                WHERE ENAME = 'BLAKE');

ENAME                                                                                               
----------                                                                                          
ALLEN                                                                                               
WARD                                                                                                
MARTIN                                                                                              
TURNER                                                                                              
JAMES                                                                                               

SQL> SELECT COUNT(*)
  2  FROM EMP
  3  WHERE MGR = (SELECT EMPNO
  4               FROM EMP
  5               WHERE ENAME = 'KING');

  COUNT(*)                                                                                          
----------                                                                                          
         3                                                                                          

SQL> SELECT *
  2  FROM EMP
  3  WHERE MGR = (SELECT EMPNO
  4               FROM EMP
  5               WHERE ENAME = 'JONES');

     EMPNO ENAME      JOB              MGR HIREDATE         SAL       COMM     DEPTNO               
---------- ---------- --------- ---------- --------- ---------- ---------- ----------               
      7788 SCOTT      ANALYST         7566 19-APR-87       3000                    20               
      7902 FORD       ANALYST         7566 03-DEC-81       3000                    20               

SQL> SELECT ENAME
  2  FROM EMP
  3  WHERE MGR = (SELECT MGR
  4               FROM EMP
  5               WHERE ENAME = 'BLAKE');

ENAME                                                                                               
----------                                                                                          
JONES                                                                                               
BLAKE                                                                                               
CLARK                                                                                               

SQL> SELECT COUNT(*)
  2  FROM EMP
  3  WHERE MGR = (SELECT MGR
  4               FROM EMP
  5               WHERE ENAME = 'FORD');

  COUNT(*)                                                                                          
----------                                                                                          
         2                                                                                          

SQL> SPOOL OFF;
